
------------------------
2019.01.11 10:43:11
1547203391
incoming
Array
(
    [marka] => Ford
    [model] => A-klasse
    [gift] => "Антидождь" на лобовое стекло
    [phone] => +7 (111) 111-11-11
    [time] => 1:00 - 1:30
    [utm_source] => 
    [utm_campaign] => 
    [utm_content] => undefined
    [utm_term] => undefined
    [cid] => 208415078.1547198373
)

------------------------

------------------------
2019.01.11 12:43:59
1547210639
incoming
Array
(
    [marka] => Audi
    [model] => A-klasse
    [gift] => "Антидождь" на лобовое стекло
    [phone] => +7 (222) 222-22-22
    [time] => 10:00 - 10:30
    [utm_source] => 
    [utm_campaign] => 
    [utm_content] => undefined
    [utm_term] => undefined
    [cid] => 208415078.1547198373
)

------------------------

------------------------
2019.01.11 14:43:38
1547217818
incoming
Array
(
    [marka] => Audi
    [model] => A-klasse
    [gift] => "Антидождь" на лобовое стекло
    [phone] => +7 (444) 444-44-44
    [time] => 1:30 - 2:00
    [utm_source] => 
    [utm_campaign] => 
    [utm_content] => undefined
    [utm_term] => undefined
    [cid] => 2088900743.1547217677
)

------------------------

------------------------
2019.01.11 14:46:06
1547217966
incoming
Array
(
    [marka] => Audi
    [model] => A-klasse
    [gift] => "Антидождь" на лобовое стекло
    [phone] => +7 (555) 555-55-55
    [time] => 0:30 - 1:00
    [utm_source] => 
    [utm_campaign] => 
    [utm_content] => undefined
    [utm_term] => undefined
    [cid] => 2088900743.1547217677
)

------------------------

------------------------
2019.01.11 14:46:30
1547217990
incoming
Array
(
    [phone] => +7 (666) 666-66-66
    [accept] => on
    [utm_source] => none
    [utm_campaign] => none
    [utm_content] => none
    [utm_term] => none
    [cid] => cid
)

------------------------

------------------------
2019.01.12 17:09:13
1547312953
incoming
Array
(
    [marka] => Audi
    [model] => A-klasse
    [gift] => "Антидождь" на лобовое стекло
    [phone] => +7 (999) 999-99-99
    [time] => 0:30 - 1:00
    [utm_source] => 
    [utm_campaign] => 
    [utm_content] => undefined
    [utm_term] => undefined
    [cid] => 707916642.1535640645
)

------------------------

------------------------
2019.01.19 12:02:00
1547899320
incoming
Array
(
    [marka] => Audi
    [model] => A-klasse
    [gift] => "Антидождь" на лобовое стекло
    [phone] => +7 (911) 790-47-79
    [time] => 13:00 - 13:30
    [utm_source] => 
    [utm_campaign] => 
    [utm_content] => undefined
    [utm_term] => undefined
    [cid] => 517132233.1547898990
)

------------------------

------------------------
2019.01.19 12:04:38
1547899478
incoming
Array
(
    [phone] => +7 (911) 790-47-79
    [accept] => on
    [utm_source] => 
    [utm_campaign] => 
    [utm_content] => undefined
    [utm_term] => undefined
    [cid] => 517132233.1547898990
)

------------------------

------------------------
2019.01.19 12:06:16
1547899576
incoming
Array
(
    [phone] => +7 (911) 790-47-79
    [utm_source] => 
    [utm_campaign] => 
    [utm_content] => undefined
    [utm_term] => undefined
    [cid] => 517132233.1547898990
)

------------------------

------------------------
2019.01.19 12:18:53
1547900333
incoming
Array
(
    [date] => 20.01.2019
    [phone] => +7 (911) 790-47-79
    [accept] => on
    [utm_source] => 
    [utm_campaign] => 
    [utm_content] => undefined
    [utm_term] => undefined
    [cid] => 517132233.1547898990
)

------------------------

------------------------
2019.01.19 12:32:34
1547901154
incoming
Array
(
    [marka] => Audi
    [model] => A-klasse
    [gift] => "Антидождь" на лобовое стекло
    [phone] => +7 (911) 790-47-79
    [time] => 1:00 - 1:30
    [utm_source] => 
    [utm_campaign] => 
    [utm_content] => undefined
    [utm_term] => undefined
    [cid] => 2124921478.1547901091
)

------------------------

------------------------
2019.01.19 12:33:37
1547901217
incoming
Array
(
    [marka] => Ford
    [model] => A-klasse
    [gift] => Мойка двигателя
    [phone] => +7 (377) 337-37-73
    [time] => 5:00 - 5:30
    [utm_source] => 
    [utm_campaign] => 
    [utm_content] => undefined
    [utm_term] => undefined
    [cid] => 130285003.1547898870
)

------------------------

------------------------
2019.01.21 10:36:40
1548067000
incoming
Array
(
    [phone] => 89117904779
    [accept] => on
    [utm_source] => 
    [utm_campaign] => 
    [utm_content] => undefined
    [utm_term] => undefined
    [cid] => 616839411.1534881352
)

------------------------

------------------------
2019.01.22 11:46:12
1548157572
incoming
Array
(
    [gift] => Мойка двигателя
    [phone] => 7777777777
    [time] => 1:30 - 2:00
    [utm_source] => 
    [utm_campaign] => 
    [utm_content] => undefined
    [utm_term] => undefined
    [cid] => 1462742661.1547995725
)

------------------------

------------------------
2019.01.22 13:16:17
1548162977
incoming
Array
(
    [phone] => +7 (911) 790-4779
    [accept] => on
    [utm_source] => 
    [utm_campaign] => 
    [utm_content] => undefined
    [utm_term] => undefined
    [cid] => 478497659.1534349366
)

------------------------

------------------------
2019.01.23 8:41:54
1548232914
incoming
Array
(
    [gift] => "Антидождь" на лобовое стекло
    [phone] => +711111111111
    [time] => 0:00 - 0:30
    [utm_source] => 
    [utm_campaign] => 
    [utm_content] => undefined
    [utm_term] => undefined
    [cid] => 723443585.1539694857
)

------------------------

------------------------
2019.01.23 10:20:36
1548238836
incoming
Array
(
    [gift] => "Антидождь" на лобовое стекло
    [phone] => +7 (123) 131-23-12
    [time] => 2:00 - 2:30
    [utm_source] => 
    [utm_campaign] => 
    [utm_content] => undefined
    [utm_term] => test
    [cid] => 2088900743.1547217677
)

------------------------

------------------------
2019.01.23 10:38:24
1548239904
incoming
Array
(
    [gift] => "Антидождь" на лобовое стекло
    [phone] => +7 (333) 333-33-33
    [time] => 1:00 - 1:30
    [utm_source] => 
    [utm_campaign] => 
    [utm_content] => undefined
    [utm_term] => test
    [cid] => 2088900743.1547217677Какой у вас автомобиль: TEst<br/>Какие элементы авто нуждаются в уходе: кузов<br/>Какие услуги по вашим ожиданиям вам потребуются: Кузов: покрытие керамикой<br/>Выберите свой подарок: "Антидождь" на лобовое стекло
)

------------------------

------------------------
2019.01.23 10:44:19
1548240259
incoming
Array
(
    [gift] => "Антидождь" на лобовое стекло
    [phone] => +7 (444) 444-44-44
    [time] => 1:30 - 2:00
    [utm_source] => 
    [utm_campaign] => 
    [utm_content] => undefined
    [utm_term] => test
    [cid] => 2088900743.1547217677otherКакой у вас автомобиль: Test
Какие элементы авто нуждаются в уходе: салон
Какие услуги по вашим ожиданиям вам потребуются: Кузов: антигравийная пленка

Выберите свой подарок: "Антидождь" на лобовое стекло
)

------------------------

------------------------
2019.01.23 10:55:16
1548240916
incoming
Array
(
    [gift] => "Антидождь" на лобовое стекло
    [phone] => +7 (123) 123-12-31
    [time] => 1:30 - 2:00
    [utm_source] => 
    [utm_campaign] => 
    [utm_content] => undefined
    [utm_term] => test
    [cid] => 2088900743.1547217677
    [other] => Какой у вас автомобиль: asdf
Какие элементы авто нуждаются в уходе: салон
Какие услуги по вашим ожиданиям вам потребуются: Кузов: антикоррозийная обработка

Выберите свой подарок: "Антидождь" на лобовое стекло
)

------------------------

------------------------
2019.01.23 10:59:43
1548241183
incoming
Array
(
    [call_id] => 3884483
    [duration] => 00:00:00
    [ga_client_id] => 2088900743.1547217677
    [ot_kogo] => +79533597708
    [rec] => https://analytics.alloka.ru/record/3884483.mp3
    [status] => Канал недоступ.
    [utm_campaign] => %UTM_CAMPAIGN%
    [utm_source] => %UTM_SOURCE%
)

------------------------

------------------------
2019.01.23 11:53:36
1548244416
incoming
Array
(
    [call_id] => 3884765
    [duration] => 00:00:00
    [ga_client_id] => 1462742661.1547995725
    [ot_kogo] => +79533597708
    [rec] => https://analytics.alloka.ru/record/3884765.mp3
    [status] => Канал недоступ.
    [utm_campaign] => %UTM_CAMPAIGN%
    [utm_source] => google
)

------------------------

------------------------
2019.01.23 12:07:56
1548245276
incoming
Array
(
    [call_id] => 3884831
    [duration] => 00:00:18
    [ga_client_id] => 1462742661.1547995725
    [ot_kogo] => +79533597708
    [rec] => https://analytics.alloka.ru/record/3884831.mp3
    [status] => Отвечен
    [utm_campaign] => %UTM_CAMPAIGN%
    [utm_source] => google
)

------------------------

------------------------
2019.01.23 13:12:22
1548249142
incoming
Array
(
    [phone] => +7 (755) 643-42-22
    [accept] => on
    [utm_source] => 
    [utm_campaign] => 
    [utm_content] => undefined
    [utm_term] => undefined
    [cid] => 1462742661.1547995725
    [other] => Какой у вас автомобиль: Не задано
Какие элементы авто нуждаются в уходе: Ничего не выбрано
Какие услуги по вашим ожиданиям вам потребуются: Ничего не выбраноВыберите свой подарок: Ничего не выбрано
)

------------------------

------------------------
2019.01.23 13:15:01
1548249301
incoming
Array
(
    [phone] => +7 (777) 777-77-77
    [utm_source] => 
    [utm_campaign] => 
    [utm_content] => undefined
    [utm_term] => undefined
    [cid] => 1462742661.1547995725
    [other] => Какой у вас автомобиль: Не задано
Какие элементы авто нуждаются в уходе: Ничего не выбрано
Какие услуги по вашим ожиданиям вам потребуются: Ничего не выбраноВыберите свой подарок: Ничего не выбрано
)

------------------------

------------------------
2019.01.23 13:18:41
1548249521
incoming
Array
(
    [gift] => Полировка фар
    [phone] => +7 (777) 777-77-77
    [time] => 13:00 - 13:30
    [utm_source] => 
    [utm_campaign] => 
    [utm_content] => undefined
    [utm_term] => undefined
    [cid] => 1462742661.1547995725
    [other] => Какой у вас автомобиль: proshe
Какие элементы авто нуждаются в уходе: стекла, фары
Какие услуги по вашим ожиданиям вам потребуются: Кузов: антигравийная пленка, покрытие керамикой
Выберите свой подарок: Полировка фар
)

------------------------

------------------------
2019.01.23 13:19:46
1548249586
incoming
Array
(
    [phone] => +7 (777) 777-77-77
    [utm_source] => 
    [utm_campaign] => 
    [utm_content] => undefined
    [utm_term] => undefined
    [cid] => 1462742661.1547995725
    [other] => Какой у вас автомобиль: Не задано
Какие элементы авто нуждаются в уходе: Ничего не выбрано
Какие услуги по вашим ожиданиям вам потребуются: Ничего не выбраноВыберите свой подарок: Ничего не выбрано
)

------------------------

------------------------
2019.01.23 13:20:30
1548249630
incoming
Array
(
    [phone] => +7 (777) 777-77-77
    [accept] => on
    [utm_source] => 
    [utm_campaign] => 
    [utm_content] => undefined
    [utm_term] => undefined
    [cid] => 1462742661.1547995725
    [other] => Какой у вас автомобиль: Не задано
Какие элементы авто нуждаются в уходе: Ничего не выбрано
Какие услуги по вашим ожиданиям вам потребуются: Ничего не выбраноВыберите свой подарок: Ничего не выбрано
)

------------------------

------------------------
2019.01.23 13:26:32
1548249992
incoming
Array
(
    [phone] => +7 (767) 687-67-98
    [accept] => on
    [utm_source] => 
    [utm_campaign] => 
    [utm_content] => undefined
    [utm_term] => undefined
    [cid] => 1462742661.1547995725
    [other] => Какой у вас автомобиль: Не задано
Какие элементы авто нуждаются в уходе: Ничего не выбрано
Какие услуги по вашим ожиданиям вам потребуются: Ничего не выбраноВыберите свой подарок: Ничего не выбрано
)

------------------------

------------------------
2019.01.23 13:31:37
1548250297
incoming
Array
(
    [date] => 25.01.2019
    [phone] => +7 (777) 777-77-77
    [accept] => on
    [utm_source] => 
    [utm_campaign] => 
    [utm_content] => undefined
    [utm_term] => undefined
    [cid] => 1462742661.1547995725
    [other] => Какой у вас автомобиль: Не задано
Какие элементы авто нуждаются в уходе: Ничего не выбрано
Какие услуги по вашим ожиданиям вам потребуются: Ничего не выбраноВыберите свой подарок: Ничего не выбрано
)

------------------------

------------------------
2019.01.23 13:40:25
1548250825
incoming
Array
(
    [specialis] => Константин Исаев (детейлинг-мастер)
    [phone] => +7 (643) 238-78-44
    [accept] => on
    [utm_source] => 
    [utm_campaign] => 
    [utm_content] => undefined
    [utm_term] => undefined
    [cid] => 1462742661.1547995725
    [other] => Какой у вас автомобиль: Не задано
Какие элементы авто нуждаются в уходе: Ничего не выбрано
Какие услуги по вашим ожиданиям вам потребуются: Ничего не выбраноВыберите свой подарок: Ничего не выбрано
)

------------------------

------------------------
2019.01.23 13:54:51
1548251691
incoming
Array
(
    [date] => 31.01.2019
    [phone] => +7 (777) 777-77-77
    [accept] => on
    [utm_source] => 
    [utm_campaign] => 
    [utm_content] => undefined
    [utm_term] => undefined
    [cid] => 1462742661.1547995725
    [other] => Какой у вас автомобиль: Не задано
Какие элементы авто нуждаются в уходе: Ничего не выбрано
Какие услуги по вашим ожиданиям вам потребуются: Ничего не выбраноВыберите свой подарок: Ничего не выбрано
)

------------------------

------------------------
2019.01.23 14:00:31
1548252031
incoming
Array
(
    [date] => 22.02.2019
    [phone] => +7 (843) 543-34-53
    [accept] => on
    [utm_source] => 
    [utm_campaign] => 
    [utm_content] => undefined
    [utm_term] => undefined
    [cid] => 1462742661.1547995725
    [other] => Какой у вас автомобиль: Не задано
Какие элементы авто нуждаются в уходе: Ничего не выбрано
Какие услуги по вашим ожиданиям вам потребуются: Ничего не выбраноВыберите свой подарок: Ничего не выбрано
)

------------------------

------------------------
2019.01.23 14:04:41
1548252281
incoming
Array
(
    [phone] => +7 (949) 494-94-99
    [accept] => on
    [utm_source] => 
    [utm_campaign] => 
    [utm_content] => undefined
    [utm_term] => undefined
    [cid] => 1042133913.1548249178
    [other] => Какой у вас автомобиль: Не задано
Какие элементы авто нуждаются в уходе: Ничего не выбрано
Какие услуги по вашим ожиданиям вам потребуются: Ничего не выбраноВыберите свой подарок: Ничего не выбрано
)

------------------------

------------------------
2019.01.23 14:04:52
1548252292
incoming
Array
(
    [phone] => +7 (949) 494-94-99
    [accept] => on
    [utm_source] => 
    [utm_campaign] => 
    [utm_content] => undefined
    [utm_term] => undefined
    [cid] => 1042133913.1548249178
    [other] => Какой у вас автомобиль: Не задано
Какие элементы авто нуждаются в уходе: Ничего не выбрано
Какие услуги по вашим ожиданиям вам потребуются: Ничего не выбраноВыберите свой подарок: Ничего не выбрано
)

------------------------

------------------------
2019.01.23 14:05:30
1548252330
incoming
Array
(
    [phone] => +7 (875) 787-87-97
    [utm_source] => 
    [utm_campaign] => 
    [utm_content] => undefined
    [utm_term] => undefined
    [cid] => 1042133913.1548249178
    [other] => Какой у вас автомобиль: Не задано
Какие элементы авто нуждаются в уходе: Ничего не выбрано
Какие услуги по вашим ожиданиям вам потребуются: Ничего не выбраноВыберите свой подарок: Ничего не выбрано
)

------------------------

------------------------
2019.01.23 14:06:16
1548252376
incoming
Array
(
    [date] => 24.01.2019
    [phone] => +7 (949) 499-49-49
    [accept] => on
    [utm_source] => 
    [utm_campaign] => 
    [utm_content] => undefined
    [utm_term] => undefined
    [cid] => 1042133913.1548249178
    [other] => Какой у вас автомобиль: Не задано
Какие элементы авто нуждаются в уходе: Ничего не выбрано
Какие услуги по вашим ожиданиям вам потребуются: Ничего не выбраноВыберите свой подарок: Ничего не выбрано
)

------------------------

------------------------
2019.01.24 14:25:48
1548339948
incoming
Array
(
    [ltype] => Рассчитать стоимость работ
    [phone] => +7 (555) 555-55-55
    [utm_source] => 
    [utm_campaign] => 
    [utm_content] => undefined
    [utm_term] => undefined
    [cid] => 1711698443.1548239047
    [complex] => Array
        (
            [Кузов] => Array
                (
                    [0] => защита керамикой
                )

            [Колеса] => Array
                (
                    [0] => химчистка дисков
                )

            [Моторный] => Array
                (
                    [0] => чистка подкапотного пространства
                )

        )

    [other] => Какой у вас автомобиль: Не задано
Какие элементы авто нуждаются в уходе: Ничего не выбрано
Какие услуги по вашим ожиданиям вам потребуются: Ничего не выбраноВыберите свой подарок: Ничего не выбрано
)

------------------------

------------------------
2019.01.24 14:28:58
1548340138
incoming
Array
(
    [ltype] => Рассчитать стоимость работ
    [phone] => +7 (555) 555-55-55
    [utm_source] => 
    [utm_campaign] => 
    [utm_content] => undefined
    [utm_term] => undefined
    [cid] => 1711698443.1548239047
    [complex] => Array
        (
            [Салон] => Array
                (
                    [0] => химчистка салона
                    [1] => защита салона керамикой
                )

        )

    [other] => Какой у вас автомобиль: Не задано
Какие элементы авто нуждаются в уходе: Ничего не выбрано
Какие услуги по вашим ожиданиям вам потребуются: Ничего не выбраноВыберите свой подарок: Ничего не выбрано
)

------------------------

------------------------
2019.01.24 14:29:21
1548340161
incoming
Array
(
    [ltype] => Рассчитать стоимость работ
    [phone] => +7 (555) 555-55-55
    [utm_source] => 
    [utm_campaign] => 
    [utm_content] => undefined
    [utm_term] => undefined
    [cid] => 1711698443.1548239047
    [complex] => Array
        (
            [Моторный] => Array
                (
                    [0] => чистка подкапотного пространства
                )

            [Фары] => Array
                (
                    [0] => полировка фар
                )

        )

    [other] => Какой у вас автомобиль: Не задано
Какие элементы авто нуждаются в уходе: Ничего не выбрано
Какие услуги по вашим ожиданиям вам потребуются: Ничего не выбраноВыберите свой подарок: Ничего не выбрано
)

------------------------

------------------------
2019.01.24 14:36:13
1548340573
incoming
Array
(
    [ltype] => Рассчитать стоимость работ
    [phone] => +7 (555) 555-55-55
    [utm_source] => none
    [utm_campaign] => none
    [utm_content] => none
    [utm_term] => none
    [cid] => cid
    [complex] => Array
        (
            [Колеса] => Array
                (
                    [0] => чистка колесных арок с консервацией
                )

            [Салон] => Array
                (
                    [0] => химчистка салона
                )

        )

    [other] => Какой у вас автомобиль: Не задано
Какие элементы авто нуждаются в уходе: Ничего не выбрано
Какие услуги по вашим ожиданиям вам потребуются: Ничего не выбраноВыберите свой подарок: Ничего не выбрано
)

------------------------

------------------------
2019.01.24 14:41:19
1548340879
incoming
Array
(
    [ltype] => Рассчитать стоимость работ
    [phone] => +7 (555) 555-55-55
    [utm_source] => 
    [utm_campaign] => 
    [utm_content] => undefined
    [utm_term] => undefined
    [cid] => 1711698443.1548239047
    [complex] => Array
        (
            [Стекла] => Array
                (
                    [0] => полировка стекла
                )

            [Колеса] => Array
                (
                    [0] => защита дисков керамическим составом
                )

        )

    [other] => Какой у вас автомобиль: Не задано
Какие элементы авто нуждаются в уходе: Ничего не выбрано
Какие услуги по вашим ожиданиям вам потребуются: Ничего не выбраноВыберите свой подарок: Ничего не выбрано
)

------------------------

------------------------
2019.01.24 14:43:07
1548340987
incoming
Array
(
    [ltype] => Рассчитать стоимость работ
    [phone] => +7 (555) 555-55-55
    [utm_source] => none
    [utm_campaign] => none
    [utm_content] => none
    [utm_term] => none
    [cid] => cid
    [complex] => Array
        (
            [Колеса] => Array
                (
                    [0] => чистка колесных арок с консервацией
                    [1] => защита дисков керамическим составом
                )

        )

    [other] => Какой у вас автомобиль: Не задано
Какие элементы авто нуждаются в уходе: Ничего не выбрано
Какие услуги по вашим ожиданиям вам потребуются: Ничего не выбраноВыберите свой подарок: Ничего не выбрано
)

------------------------

------------------------
2019.01.24 14:43:40
1548341020
incoming
Array
(
    [ltype] => Подобрать комплекс
    [phone] => +7 (555) 555-55-55
    [utm_source] => none
    [utm_campaign] => none
    [utm_content] => none
    [utm_term] => none
    [cid] => cid
    [complex] => Array
        (
            [Стекла] => Array
                (
                    [0] => защитное покрытие "Антидождь"
                )

            [Колеса] => Array
                (
                    [0] => химчистка дисков
                )

        )

    [other] => Какой у вас автомобиль: Не задано
Какие элементы авто нуждаются в уходе: Ничего не выбрано
Какие услуги по вашим ожиданиям вам потребуются: Ничего не выбраноВыберите свой подарок: Ничего не выбрано
)

------------------------

------------------------
2019.01.24 14:44:12
1548341052
incoming
Array
(
    [ltype] => Толковый совет по детейлингу
    [specialis] => Александр Сидоренко (детейлинг-мастер)
    [phone] => +7 (555) 555-55-55
    [accept] => on
    [utm_source] => none
    [utm_campaign] => none
    [utm_content] => none
    [utm_term] => none
    [cid] => cid
    [other] => Какой у вас автомобиль: Не задано
Какие элементы авто нуждаются в уходе: Ничего не выбрано
Какие услуги по вашим ожиданиям вам потребуются: Ничего не выбраноВыберите свой подарок: Ничего не выбрано
)

------------------------

------------------------
2019.01.25 7:35:41
1548401741
incoming
Array
(
    [ltype] => Записаться на полировку
    [phone] => +7 (184) 635-24-12
    [accept] => on
    [utm_source] => none
    [utm_campaign] => none
    [utm_content] => none
    [utm_term] => none
    [cid] => cid
    [other] => Какой у вас автомобиль: Не задано
Какие элементы авто нуждаются в уходе: Ничего не выбрано
Какие услуги по вашим ожиданиям вам потребуются: Ничего не выбраноВыберите свой подарок: Ничего не выбрано
)

------------------------

------------------------
2019.01.25 7:36:34
1548401794
incoming
Array
(
    [ltype] => Подобрать комплекс
    [phone] => +7 (525) 654-63-53
    [utm_source] => 
    [utm_campaign] => 
    [utm_content] => undefined
    [utm_term] => undefined
    [cid] => 1462742661.1547995725
    [complex] => Array
        (
            [Стекла] => Array
                (
                    [0] => защитное покрытие "Антидождь"
                    [1] => полировка стекла
                )

        )

    [other] => Какой у вас автомобиль: Не задано
Какие элементы авто нуждаются в уходе: Ничего не выбрано
Какие услуги по вашим ожиданиям вам потребуются: Ничего не выбраноВыберите свой подарок: Ничего не выбрано
)

------------------------

------------------------
2019.01.25 7:37:31
1548401851
incoming
Array
(
    [ltype] => Прочие услуги:Тонировка
    [phone] => +7 (435) 345-34-63
    [accept] => on
    [utm_source] => 
    [utm_campaign] => 
    [utm_content] => undefined
    [utm_term] => undefined
    [cid] => 1462742661.1547995725
    [other] => Какой у вас автомобиль: Не задано
Какие элементы авто нуждаются в уходе: Ничего не выбрано
Какие услуги по вашим ожиданиям вам потребуются: Ничего не выбраноВыберите свой подарок: Ничего не выбрано
)

------------------------

------------------------
2019.01.25 20:21:57
1548447717
incoming
Array
(
    [ltype] => Рассчитать стоимость работ
    [gift] => "Антидождь" на лобовое стекло
    [phone] => +7 (952) 264-07-50
    [time] => 0:00 - 0:30
    [utm_source] => 
    [utm_campaign] => 
    [utm_content] => undefined
    [utm_term] => undefined
    [cid] => 1197053837.1548447456
    [other] => Какой у вас автомобиль: Bmw 3 2016 
Какие элементы авто нуждаются в уходе: стекла
Какие услуги по вашим ожиданиям вам потребуются: Стайлинг: тонировка
Выберите свой подарок: "Антидождь" на лобовое стекло
)

------------------------

------------------------
2019.01.25 20:23:37
1548447817
incoming
Array
(
    [call_id] => 3890883
    [duration] => 00:00:00
    [ga_client_id] => 1197053837.1548447456
    [ot_kogo] => +79522640750
    [rec] => https://analytics.alloka.ru/record/3890883.mp3
    [status] => Отмена
    [utm_campaign] => –
    [utm_source] => –
)

------------------------

------------------------
2019.01.26 9:40:02
1548495602
incoming
Array
(
    [ltype] => Рассчитать стоимость работ
    [gift] => Полировка фар
    [phone] => +7 (921) 939-80-78
    [time] => 10:00 - 10:30
    [utm_source] => ig
    [utm_campaign] => look-fb
    [utm_content] => 1
    [utm_term] => slide
    [cid] => 146636005.1548495241
    [other] => Какой у вас автомобиль: BMW 520
Какие элементы авто нуждаются в уходе: кузов
Какие услуги по вашим ожиданиям вам потребуются: Кузов: покрытие керамикой
Выберите свой подарок: Полировка фар
)

------------------------

------------------------
2019.01.27 16:20:48
1548606048
incoming
Array
(
    [ltype] => Рассчитать стоимость работ
    [gift] => Мойка двигателя
    [phone] => +7 (951) 689-52-50
    [time] => 12:00 - 12:30
    [utm_source] => ig
    [utm_campaign] => look-ig
    [utm_content] => 1
    [utm_term] => slide
    [cid] => 809286374.1548605803
    [other] => Какой у вас автомобиль: Фольцваген туарег
Какие элементы авто нуждаются в уходе: кузов, салон
Какие услуги по вашим ожиданиям вам потребуются: Кузов: покрытие жидким стеклом
Выберите свой подарок: Мойка двигателя
)

------------------------

------------------------
2019.01.28 9:48:24
1548668904
incoming
Array
(
    [call_id] => 3894745
    [duration] => 00:00:22
    [ga_client_id] => 702624088.1548661629
    [ot_kogo] => +78122721947
    [rec] => https://analytics.alloka.ru/record/3894745.mp3
    [status] => Отвечен
    [utm_campaign] => interesi-avto-zagranica
    [utm_source] => fb
)

------------------------

------------------------
2019.01.28 16:54:03
1548694443
incoming
Array
(
    [ltype] => Рассчитать стоимость работ
    [gift] => Мойка двигателя
    [phone] => +7 (905) 236-61-90
    [time] => 12:00 - 12:30
    [utm_source] => vk
    [utm_campaign] => avtovlad-int
    [utm_content] => 2
    [utm_term] => site
    [cid] => 1755935085.1548694287
    [other] => Какой у вас автомобиль: Фольксваген туарег 
Какие элементы авто нуждаются в уходе: кузов
Какие услуги по вашим ожиданиям вам потребуются: Кузов: покрытие жидким стеклом
Выберите свой подарок: Мойка двигателя
)

------------------------

------------------------
2019.01.28 20:55:21
1548708921
incoming
Array
(
    [ltype] => Рассчитать стоимость работ
    [gift] => "Антидождь" на лобовое стекло
    [phone] => +7 (911) 095-81-80
    [time] => 0:00 - 0:30
    [utm_source] => ig
    [utm_campaign] => look-ig
    [utm_content] => 1
    [utm_term] => slide
    [cid] => 582965231.1548708844
    [other] => Какой у вас автомобиль: Мерседес мл
Какие элементы авто нуждаются в уходе: кузов
Какие услуги по вашим ожиданиям вам потребуются: Восстановление: полировка, удаление вмятин без покраски
Выберите свой подарок: "Антидождь" на лобовое стекло
)

------------------------

------------------------
2019.01.29 13:37:04
1548769024
incoming
Array
(
    [ltype] => Рассчитать стоимость работ
    [gift] => "Антидождь" на лобовое стекло
    [phone] => +7 (981) 826-17-26
    [time] => 19:00 - 19:30
    [utm_source] => fb
    [utm_campaign] => look-ig
    [utm_content] => 1
    [utm_term] => slide
    [cid] => 48312116.1548591108
    [other] => Какой у вас автомобиль: Chevrolet
Какие элементы авто нуждаются в уходе: салон
Какие услуги по вашим ожиданиям вам потребуются: Стайлинг: тонировка
Выберите свой подарок: "Антидождь" на лобовое стекло
)

------------------------

------------------------
2019.01.29 14:11:48
1548771108
incoming
Array
(
    [ltype] => Рассчитать стоимость работ
    [gift] => Полировка фар
    [phone] => +7 (923) 434-80-00
    [time] => 17:00 - 17:30
    [utm_source] => ig
    [utm_campaign] => look-ig
    [utm_content] => 1
    [utm_term] => slide
    [cid] => 2101761507.1548770959
    [other] => Какой у вас автомобиль: Mersedes GL
Какие элементы авто нуждаются в уходе: кузов, салон, стекла, колеса, фары
Какие услуги по вашим ожиданиям вам потребуются: Кузов: антигравийная пленка, покрытие керамикой, покрытие жидким стеклом, антидождь
Выберите свой подарок: Полировка фар
)

------------------------

------------------------
2019.01.30 21:00:27
1548882027
incoming
Array
(
    [ltype] => Рассчитать стоимость работ
    [gift] => Полировка фар
    [phone] => +7 (999) 243-23-97
    [time] => 10:30 - 11:00
    [utm_source] => vk
    [utm_campaign] => avto-act
    [utm_content] => 1
    [utm_term] => video
    [cid] => 1719811036.1548881906
    [other] => Какой у вас автомобиль: Лада Веста
Какие элементы авто нуждаются в уходе: кузов, стекла, фары
Какие услуги по вашим ожиданиям вам потребуются: Кузов: покрытие керамикой, антидождь
Выберите свой подарок: Полировка фар
)

------------------------

------------------------
2019.01.31 15:11:24
1548947484
incoming
Array
(
    [ltype] => Рассчитать стоимость работ
    [gift] => "Антидождь" на лобовое стекло
    [phone] => +7 (981) 877-77-92
    [time] => 18:30 - 19:00
    [utm_source] => ig
    [utm_campaign] => look-ig
    [utm_content] => 1
    [utm_term] => slide
    [cid] => 1349883289.1548947306
    [other] => Какой у вас автомобиль: Audi A6 c6 4f
Какие элементы авто нуждаются в уходе: кузов, салон
Какие услуги по вашим ожиданиям вам потребуются: Кузов: покрытие керамикой
Выберите свой подарок: "Антидождь" на лобовое стекло
)

------------------------

------------------------
2019.02.01 9:26:14
1549013174
incoming
Array
(
    [ltype] => Рассчитать стоимость работ
    [gift] => Полировка фар
    [phone] => +7 (921) 943-37-48
    [time] => 20:00 - 20:30
    [utm_source] => fb
    [utm_campaign] => look-ig
    [utm_content] => 1
    [utm_term] => slide
    [cid] => 1706845854.1549013070
    [other] => Какой у вас автомобиль: Митсубиси Паджеро
Какие элементы авто нуждаются в уходе: кузов
Какие услуги по вашим ожиданиям вам потребуются: Восстановление: полировка
Выберите свой подарок: Полировка фар
)

------------------------

------------------------
2019.02.01 11:56:21
1549022181
incoming
Array
(
    [call_id] => 3906207
    [duration] => 00:00:21
    [ga_client_id] => 1812197275.1549022128
    [ot_kogo] => +79110904399
    [rec] => https://analytics.alloka.ru/record/3906207.mp3
    [status] => Отвечен
    [utm_campaign] => –
    [utm_source] => –
)

------------------------

------------------------
2019.02.01 14:10:47
1549030247
incoming
Array
(
    [ltype] => Рассчитать стоимость работ
    [gift] => Мойка двигателя
    [phone] => +7 (911) 790-67-34
    [time] => 11:30 - 12:00
    [utm_source] => ig
    [utm_campaign] => look-ig
    [utm_content] => 1
    [utm_term] => slide
    [cid] => 194284534.1549030070
    [other] => Какой у вас автомобиль: Фольксваген Пассат
Какие элементы авто нуждаются в уходе: кузов, салон, моторный отсек, стекла, колеса, фары
Какие услуги по вашим ожиданиям вам потребуются: Кузов: покрытие жидким стеклом
Выберите свой подарок: Мойка двигателя
)

------------------------

------------------------
2019.02.02 17:28:09
1549128489
incoming
Array
(
    [ltype] => Рассчитать стоимость работ
    [gift] => Мойка двигателя
    [phone] => +7 (921) 903-03-40
    [time] => 20:30 - 21:00
    [utm_source] => vk
    [utm_campaign] => avtovlad-int
    [utm_content] => 3
    [utm_term] => site
    [cid] => 50648718.1549128353
    [other] => Какой у вас автомобиль: Ягуар Ф-пэйс 
Какие элементы авто нуждаются в уходе: кузов
Какие услуги по вашим ожиданиям вам потребуются: Кузов: покрытие керамикой
Выберите свой подарок: Мойка двигателя
)

------------------------

------------------------
2019.02.02 18:06:00
1549130760
incoming
Array
(
    [ltype] => Рассчитать стоимость работ
    [gift] => Мойка двигателя
    [phone] => +7 (921) 365-08-59
    [time] => 12:30 - 13:00
    [utm_source] => vk
    [utm_campaign] => avtovlad-int
    [utm_content] => 3
    [utm_term] => site
    [cid] => 268392349.1549130680
    [other] => Какой у вас автомобиль: Бмв
Какие элементы авто нуждаются в уходе: кузов
Какие услуги по вашим ожиданиям вам потребуются: Восстановление: полировка
Выберите свой подарок: Мойка двигателя
)

------------------------

------------------------
2019.02.05 20:29:43
1549398583
incoming
Array
(
    [ltype] => Рассчитать стоимость работ
    [gift] => Мойка двигателя
    [phone] => +7 (981) 132-68-45
    [time] => 11:00 - 11:30
    [utm_source] => ig
    [utm_campaign] => int
    [utm_content] => 1
    [utm_term] => slide
    [cid] => 2111297849.1549398416
    [other] => Какой у вас автомобиль: Ауди А4
Какие элементы авто нуждаются в уходе: кузов, стекла
Какие услуги по вашим ожиданиям вам потребуются: Кузов: антигравийная пленка, покрытие керамикой, бронирование стекол, шумоизоляция, антикоррозийная обработка
Выберите свой подарок: Мойка двигателя
)

------------------------

------------------------
2019.02.05 22:17:43
1549405063
incoming
Array
(
    [ltype] => Рассчитать стоимость работ
    [gift] => "Антидождь" на лобовое стекло
    [phone] => +7 (921) 943-93-03
    [time] => 10:30 - 11:00
    [utm_source] => fb
    [utm_campaign] => look-ig
    [utm_content] => 1
    [utm_term] => slide
    [cid] => 324688419.1549404821
    [other] => Какой у вас автомобиль: Мерседес ML
Какие элементы авто нуждаются в уходе: кузов
Какие услуги по вашим ожиданиям вам потребуются: Кузов: покрытие жидким стеклом
Выберите свой подарок: "Антидождь" на лобовое стекло
)

------------------------

------------------------
2019.02.06 9:18:26
1549444706
incoming
Array
(
    [ltype] => Рассчитать стоимость работ
    [gift] => Полировка фар
    [phone] => +7 (962) 725-20-08
    [time] => 13:30 - 14:00
    [utm_source] => ig
    [utm_campaign] => look-ig
    [utm_content] => 1
    [utm_term] => slide
    [cid] => 1469176729.1549444512
    [other] => Какой у вас автомобиль: Mercedes GLK 220 CDI (рестайлинг)
Какие элементы авто нуждаются в уходе: кузов, фары
Какие услуги по вашим ожиданиям вам потребуются: Восстановление: полировка, удаление вмятин без покраски
Выберите свой подарок: Полировка фар
)

------------------------

------------------------
2019.02.06 12:28:45
1549456125
incoming
Array
(
    [ltype] => Рассчитать стоимость работ
    [gift] => Мойка двигателя
    [phone] => +7 (921) 183-96-96
    [time] => 9:00 - 9:30
    [utm_source] => ig
    [utm_campaign] => look-ig
    [utm_content] => 1
    [utm_term] => slide
    [cid] => 679406935.1549441187
    [other] => Какой у вас автомобиль: Фольксваген пассат B7
Какие элементы авто нуждаются в уходе: кузов
Какие услуги по вашим ожиданиям вам потребуются: Стайлинг: тонировка
Выберите свой подарок: Мойка двигателя
)

------------------------

------------------------
2019.02.06 13:51:56
1549461116
incoming
Array
(
    [ltype] => Рассчитать стоимость работ
    [gift] => "Антидождь" на лобовое стекло
    [phone] => +7 (921) 953-95-53
    [time] => 18:00 - 18:30
    [utm_source] => fb
    [utm_campaign] => look-ig
    [utm_content] => 1
    [utm_term] => slide
    [cid] => 939168788.1549460836
    [other] => Какой у вас автомобиль: Порше каен
Какие элементы авто нуждаются в уходе: салон
Какие услуги по вашим ожиданиям вам потребуются: Кузов: покрытие жидким стеклом, бронирование стекол
Выберите свой подарок: "Антидождь" на лобовое стекло
)

------------------------

------------------------
2019.02.06 18:23:00
1549477380
incoming
Array
(
    [ltype] => Рассчитать стоимость работ
    [gift] => Мойка двигателя
    [phone] => +7 (905) 205-38-45
    [time] => 7:00 - 7:30
    [utm_source] => ig
    [utm_campaign] => int
    [utm_content] => 1
    [utm_term] => slide
    [cid] => 866886400.1549477279
    [other] => Какой у вас автомобиль: Bmv x5 2008
Какие элементы авто нуждаются в уходе: кузов
Какие услуги по вашим ожиданиям вам потребуются: Восстановление: полировка
Выберите свой подарок: Мойка двигателя
)

------------------------

------------------------
2019.02.07 7:54:29
1549526069
incoming
Array
(
    [ltype] => Рассчитать стоимость работ
    [gift] => Полировка фар
    [phone] => +7 (222) 222-22-22
    [time] => 11:30 - 12:00
    [utm_source] => ig
    [utm_campaign] => look-ig
    [utm_content] => 1
    [utm_term] => slide
    [cid] => 1113901493.1549525964
    [other] => Какой у вас автомобиль: Citroen c1
Какие элементы авто нуждаются в уходе: кузов, салон, фары
Какие услуги по вашим ожиданиям вам потребуются: Восстановление: полировка, химчистка
Выберите свой подарок: Полировка фар
)

------------------------

------------------------
2019.02.07 9:41:07
1549532467
incoming
Array
(
    [ltype] => Рассчитать стоимость работ
    [gift] => "Антидождь" на лобовое стекло
    [phone] => +7 (921) 400-33-08
    [time] => 18:00 - 18:30
    [utm_source] => ig
    [utm_campaign] => look-ig
    [utm_content] => 1
    [utm_term] => slide
    [cid] => 1625499716.1549532262
    [other] => Какой у вас автомобиль: Skoda Yeti
Какие элементы авто нуждаются в уходе: кузов, салон
Какие услуги по вашим ожиданиям вам потребуются: Кузов: покрытие керамикой
Выберите свой подарок: "Антидождь" на лобовое стекло
)

------------------------

------------------------
2019.02.07 12:43:05
1549543385
incoming
Array
(
    [ltype] => Рассчитать стоимость работ
    [gift] => "Антидождь" на лобовое стекло
    [phone] => +7 (921) 969-72-55
    [time] => 16:00 - 16:30
    [utm_source] => fb
    [utm_campaign] => look-in
    [utm_content] => 1
    [utm_term] => slide
    [cid] => 1077725166.1549543068
    [other] => Какой у вас автомобиль: Hunday Grand Santa Fe
Какие элементы авто нуждаются в уходе: кузов
Какие услуги по вашим ожиданиям вам потребуются: Кузов: покрытие керамикой
Выберите свой подарок: "Антидождь" на лобовое стекло
)

------------------------

------------------------
2019.02.07 16:18:36
1549556316
incoming
Array
(
    [call_id] => 3921026
    [duration] => 00:05:39
    [ga_client_id] => 1528679440.1549555894
    [ot_kogo] => +79602881035
    [rec] => https://analytics.alloka.ru/record/3921026.mp3
    [status] => Отвечен
    [utm_campaign] => look-in
    [utm_source] => fb
)

------------------------

------------------------
2019.02.07 20:00:37
1549569637
incoming
Array
(
    [ltype] => Рассчитать стоимость работ
    [gift] => Мойка двигателя
    [phone] => +7 (952) 395-49-98
    [time] => 10:30 - 11:00
    [utm_source] => ig
    [utm_campaign] => look-in
    [utm_content] => 1
    [utm_term] => slide
    [cid] => 2058405885.1549569499
    [other] => Какой у вас автомобиль: Мазда 3
Какие элементы авто нуждаются в уходе: кузов, салон, стекла, колеса, фары
Какие услуги по вашим ожиданиям вам потребуются: Восстановление: полировка, химчистка
Выберите свой подарок: Мойка двигателя
)

------------------------

------------------------
2019.02.07 23:57:06
1549583826
incoming
Array
(
    [ltype] => Рассчитать стоимость работ
    [gift] => Мойка двигателя
    [phone] => +7 (965) 001-24-96
    [time] => 2:30 - 3:00
    [utm_source] => ig
    [utm_campaign] => look-ig
    [utm_content] => 1
    [utm_term] => slide
    [cid] => 702364709.1549583685
    [other] => Какой у вас автомобиль: Нива 21214
Какие элементы авто нуждаются в уходе: кузов, стекла, фары
Какие услуги по вашим ожиданиям вам потребуются: Кузов: покрытие керамикой
Выберите свой подарок: Мойка двигателя
)

------------------------

------------------------
2019.02.08 9:36:02
1549618562
incoming
Array
(
    [ltype] => Рассчитать стоимость работ
    [gift] => "Антидождь" на лобовое стекло
    [phone] => +7 (965) 078-79-40
    [time] => 12:30 - 13:00
    [utm_source] => fb
    [utm_campaign] => look-in
    [utm_content] => 1
    [utm_term] => slide
    [cid] => 1690011516.1549618328
    [other] => Какой у вас автомобиль: Киа оптима gt line 2018 года 
Какие элементы авто нуждаются в уходе: кузов
Какие услуги по вашим ожиданиям вам потребуются: Кузов: покрытие керамикой, покрытие жидким стеклом
Выберите свой подарок: "Антидождь" на лобовое стекло
)

------------------------

------------------------
2019.02.09 7:28:32
1549697312
incoming
Array
(
    [ltype] => Рассчитать стоимость работ
    [gift] => Мойка двигателя
    [phone] => +7 (953) 373-91-07
    [time] => 12:00 - 12:30
    [utm_source] => ig
    [utm_campaign] => look-ig
    [utm_content] => 1
    [utm_term] => slide
    [cid] => 1066277355.1549697187
    [other] => Какой у вас автомобиль: Бмв х5 е70 
Какие элементы авто нуждаются в уходе: кузов, салон
Какие услуги по вашим ожиданиям вам потребуются: Кузов: покрытие керамикой
Выберите свой подарок: Мойка двигателя
)

------------------------

------------------------
2019.02.09 21:02:51
1549746171
incoming
Array
(
    [ltype] => Рассчитать стоимость работ
    [gift] => Мойка двигателя
    [phone] => +7 (911) 740-67-13
    [time] => 11:30 - 12:00
    [utm_source] => 
    [utm_campaign] => 
    [utm_content] => undefined
    [utm_term] => undefined
    [cid] => 353954096.1549746027
    [other] => Какой у вас автомобиль: Mercedes slk 
Какие элементы авто нуждаются в уходе: кузов, стекла, фары
Какие услуги по вашим ожиданиям вам потребуются: Кузов: покрытие керамикой, бронирование стекол, антикоррозийная обработка
Выберите свой подарок: Мойка двигателя
)

------------------------

------------------------
2019.02.10 16:13:23
1549815203
incoming
Array
(
    [ltype] => Рассчитать стоимость работ
    [gift] => Мойка двигателя
    [phone] => +7 (967) 572-47-37
    [time] => 19:00 - 19:30
    [utm_source] => 
    [utm_campaign] => 
    [utm_content] => undefined
    [utm_term] => undefined
    [cid] => cid
    [other] => Какой у вас автомобиль: mercedes benz e300 w212
Какие элементы авто нуждаются в уходе: кузов, салон, колеса
Какие услуги по вашим ожиданиям вам потребуются: Стайлинг: антихром, покрытие виниловой пленкой
Выберите свой подарок: Мойка двигателя
)

------------------------

------------------------
2019.02.10 16:15:17
1549815317
incoming
Array
(
    [call_id] => 3927065
    [duration] => 00:00:00
    [ga_client_id] => -
    [ot_kogo] => +79675724737
    [rec] => https://analytics.alloka.ru/record/3927065.mp3
    [status] => Отмена
    [utm_campaign] => –
    [utm_source] => –
)

------------------------

------------------------
2019.02.10 16:15:42
1549815342
incoming
Array
(
    [call_id] => 3927067
    [duration] => 00:00:00
    [ga_client_id] => -
    [ot_kogo] => +79675724737
    [rec] => https://analytics.alloka.ru/record/3927067.mp3
    [status] => Отмена
    [utm_campaign] => –
    [utm_source] => –
)

------------------------

------------------------
2019.02.13 16:20:29
1550074829
incoming
Array
(
    [ltype] => Подобрать комплекс
    [phone] => +7 (111) 111-11-11
    [utm_source] => 
    [utm_campaign] => 
    [utm_content] => undefined
    [utm_term] => undefined
    [cid] => 723443585.1539694857
    [other] => Какой у вас автомобиль: Не задано
Какие элементы авто нуждаются в уходе: Ничего не выбрано
Какие услуги по вашим ожиданиям вам потребуются: Ничего не выбраноВыберите свой подарок: Ничего не выбрано
)

------------------------

------------------------
2019.02.14 10:25:15
1550139915
incoming
Array
(
    [ltype] => Рассчитать стоимость работ
    [gift] => "Антидождь" на лобовое стекло
    [phone] => +7 (921) 521-21-29
    [time] => 12:30 - 13:00
    [utm_source] => ig
    [utm_campaign] => look-ig
    [utm_content] => 1
    [utm_term] => slide
    [cid] => 766236891.1550139680
    [other] => Какой у вас автомобиль:  Porsche Chyanne 
Какие элементы авто нуждаются в уходе: кузов
Какие услуги по вашим ожиданиям вам потребуются: Кузов: покрытие керамикой
Выберите свой подарок: "Антидождь" на лобовое стекло
)

------------------------

------------------------
2019.02.14 10:25:44
1550139944
incoming
Array
(
    [ltype] => Рассчитать стоимость работ
    [gift] => "Антидождь" на лобовое стекло
    [phone] => +7 (921) 521-21-29
    [time] => 12:30 - 13:00
    [utm_source] => ig
    [utm_campaign] => look-ig
    [utm_content] => 1
    [utm_term] => slide
    [cid] => 766236891.1550139680
    [other] => Какой у вас автомобиль:  Porsche Chyanne 
Какие элементы авто нуждаются в уходе: кузов
Какие услуги по вашим ожиданиям вам потребуются: Кузов: покрытие керамикой
Выберите свой подарок: "Антидождь" на лобовое стекло
)

------------------------

------------------------
2019.02.14 10:58:32
1550141912
incoming
Array
(
    [ltype] => Рассчитать стоимость работ
    [gift] => "Антидождь" на лобовое стекло
    [phone] => +7 (911) 206-80-00
    [time] => 5:30 - 6:00
    [utm_source] => ig
    [utm_campaign] => look-ig
    [utm_content] => 1
    [utm_term] => slide
    [cid] => 529464712.1550141056
    [other] => Какой у вас автомобиль: subaru outback
Какие элементы авто нуждаются в уходе: кузов
Какие услуги по вашим ожиданиям вам потребуются: Кузов: антигравийная пленка, покрытие керамикой
Выберите свой подарок: "Антидождь" на лобовое стекло
)

------------------------

------------------------
2019.02.14 21:02:30
1550178150
incoming
Array
(
    [ltype] => Рассчитать стоимость работ
    [gift] => Мойка двигателя
    [phone] => +7 (911) 922-38-96
    [time] => 11:30 - 12:00
    [utm_source] => ig
    [utm_campaign] => look-ig
    [utm_content] => 1
    [utm_term] => slide
    [cid] => 2090888505.1550177973
    [other] => Какой у вас автомобиль: BMW 530d 
Какие элементы авто нуждаются в уходе: кузов, фары
Какие услуги по вашим ожиданиям вам потребуются: Кузов: покрытие керамикой, бронирование стекол
Выберите свой подарок: Мойка двигателя
)

------------------------

------------------------
2019.02.15 13:20:02
1550236802
incoming
Array
(
    [call_id] => 3943869
    [duration] => 00:00:12
    [ga_client_id] => 826128540.1550236728
    [ot_kogo] => +79204840055
    [rec] => https://analytics.alloka.ru/record/3943869.mp3
    [status] => Отвечен
    [utm_campaign] => –
    [utm_source] => –
)

------------------------

------------------------
2019.02.16 13:33:03
1550323983
incoming
Array
(
    [ltype] => Рассчитать стоимость работ
    [gift] => Полировка фар
    [phone] => +7 (915) 500-83-88
    [time] => 19:00 - 19:30
    [utm_source] => ig
    [utm_campaign] => int
    [utm_content] => 1
    [utm_term] => slide
    [cid] => 1490901234.1550323877
    [other] => Какой у вас автомобиль: Мазда cx-7
Какие элементы авто нуждаются в уходе: кузов, салон, моторный отсек, фары
Какие услуги по вашим ожиданиям вам потребуются: Кузов: покрытие керамикой
Выберите свой подарок: Полировка фар
)

------------------------

------------------------
2019.02.16 13:34:18
1550324058
incoming
Array
(
    [call_id] => 3946193
    [duration] => 00:01:09
    [ga_client_id] => 1254540827.1550323964
    [ot_kogo] => +79817641447
    [rec] => https://analytics.alloka.ru/record/3946193.mp3
    [status] => Отвечен
    [utm_campaign] => –
    [utm_source] => –
)

------------------------

------------------------
2019.02.16 20:21:51
1550348511
incoming
Array
(
    [ltype] => Рассчитать стоимость работ
    [gift] => "Антидождь" на лобовое стекло
    [phone] => +7 (950) 016-45-75
    [time] => 10:00 - 10:30
    [utm_source] => 
    [utm_campaign] => 
    [utm_content] => undefined
    [utm_term] => undefined
    [cid] => 484915841.1549049435
    [other] => Какой у вас автомобиль: Skoda octavia 
Какие элементы авто нуждаются в уходе: кузов
Какие услуги по вашим ожиданиям вам потребуются: Кузов: покрытие керамикой
Выберите свой подарок: "Антидождь" на лобовое стекло
)

------------------------

------------------------
2019.02.17 5:08:04
1550380084
incoming
Array
(
    [ltype] => Рассчитать стоимость работ
    [gift] => Полировка фар
    [phone] => +7 (960) 283-56-71
    [time] => 10:30 - 11:00
    [utm_source] => ig
    [utm_campaign] => int
    [utm_content] => 1
    [utm_term] => slide
    [cid] => 1362269083.1550379930
    [other] => Какой у вас автомобиль: БМВ х5 е70
Какие элементы авто нуждаются в уходе: кузов
Какие услуги по вашим ожиданиям вам потребуются: Кузов: покрытие керамикой
Выберите свой подарок: Полировка фар
)

------------------------

------------------------
2019.02.17 12:18:29
1550405909
incoming
Array
(
    [ltype] => Рассчитать стоимость работ
    [gift] => Полировка фар
    [phone] => +7 (921) 093-63-92
    [time] => 4:00 - 4:30
    [utm_source] => ig
    [utm_campaign] => look-ig
    [utm_content] => 1
    [utm_term] => slide
    [cid] => 1228714610.1550406166
    [other] => Какой у вас автомобиль: Порше каен 958 кузов
Какие элементы авто нуждаются в уходе: кузов, колеса, фары
Какие услуги по вашим ожиданиям вам потребуются: Кузов: покрытие керамикой
Выберите свой подарок: Полировка фар
)

------------------------

------------------------
2019.02.18 14:30:58
1550500258
incoming
Array
(
    [call_id] => 3951283
    [duration] => 00:02:52
    [ga_client_id] => 1432773268.1550496471
    [ot_kogo] => +79006363232
    [rec] => https://analytics.alloka.ru/record/3951283.mp3
    [status] => Отвечен
    [utm_campaign] => –
    [utm_source] => –
)

------------------------

------------------------
2019.02.18 18:27:16
1550514436
incoming
Array
(
    [ltype] => Подобрать комплекс
    [phone] => +7 (981) 727-33-33
    [utm_source] => vk
    [utm_campaign] => {campaign_id}
    [utm_content] => {ad_id}
    [utm_term] => undefined
    [cid] => 1849643537.1545500363
    [complex] => Array
        (
            [Салон] => Array
                (
                    [0] => химчистка салона
                    [1] => защита салона керамикой
                )

        )

    [other] => Какой у вас автомобиль: Не задано
Какие элементы авто нуждаются в уходе: Ничего не выбрано
Какие услуги по вашим ожиданиям вам потребуются: Ничего не выбраноВыберите свой подарок: Ничего не выбрано
)

------------------------

------------------------
2019.02.19 7:20:13
1550560813
incoming
Array
(
    [call_id] => 3952517
    [duration] => 00:00:00
    [ga_client_id] => 1432773268.1550496471
    [ot_kogo] => +79006363232
    [rec] => https://analytics.alloka.ru/record/3952517.mp3
    [status] => Отмена
    [utm_campaign] => –
    [utm_source] => –
)

------------------------

------------------------
2019.02.19 7:49:04
1550562544
incoming
Array
(
    [ltype] => Рассчитать стоимость работ
    [gift] => Полировка фар
    [phone] => +7 (921) 859-40-24
    [time] => 11:00 - 11:30
    [utm_source] => ig
    [utm_campaign] => look-ig
    [utm_content] => 1
    [utm_term] => slide
    [cid] => 291313079.1550562431
    [other] => Какой у вас автомобиль: Мерседес w212
Какие элементы авто нуждаются в уходе: кузов
Какие услуги по вашим ожиданиям вам потребуются: Кузов: покрытие жидким стеклом
Выберите свой подарок: Полировка фар
)

------------------------

------------------------
2019.02.19 9:13:58
1550567638
incoming
Array
(
    [call_id] => 3953143
    [duration] => 00:01:39
    [ga_client_id] => 1432773268.1550496471
    [ot_kogo] => +79006363232
    [rec] => https://analytics.alloka.ru/record/3953143.mp3
    [status] => Отвечен
    [utm_campaign] => –
    [utm_source] => –
)

------------------------

------------------------
2019.02.19 18:17:46
1550600266
incoming
Array
(
    [ltype] => Рассчитать стоимость работ
    [gift] => "Антидождь" на лобовое стекло
    [phone] => +7 (981) 939-29-95
    [time] => 9:00 - 9:30
    [utm_source] => ig
    [utm_campaign] => int
    [utm_content] => 2
    [utm_term] => slide
    [cid] => 210555635.1550600089
    [other] => Какой у вас автомобиль: Mercedes Benz c klass 2015
Какие элементы авто нуждаются в уходе: кузов
Какие услуги по вашим ожиданиям вам потребуются: Стайлинг: антихром
Выберите свой подарок: "Антидождь" на лобовое стекло
)

------------------------

------------------------
2019.02.20 12:54:35
1550667275
incoming
Array
(
    [phone] => +7 (111) 111-11-45
    [accept] => on
    [utm_source] => 
    [utm_campaign] => 
    [utm_content] => undefined
    [utm_term] => test
    [cid] => 2088900743.1547217677
    [page] =>  /index2.html 
    [other] => Какой у вас автомобиль: Не задано
Какие элементы авто нуждаются в уходе: Ничего не выбрано
Какие услуги по вашим ожиданиям вам потребуются: Ничего не выбраноВыберите свой подарок: Ничего не выбрано
)

------------------------

------------------------
2019.02.20 12:54:35
1550667275
incoming
Array
(
    [phone] => +7 (111) 111-11-45
    [accept] => on
    [utm_source] => 
    [utm_campaign] => 
    [utm_content] => undefined
    [utm_term] => test
    [cid] => 2088900743.1547217677
    [page] =>  /index2.html 
    [other] => Какой у вас автомобиль: Не задано
Какие элементы авто нуждаются в уходе: Ничего не выбрано
Какие услуги по вашим ожиданиям вам потребуются: Ничего не выбраноВыберите свой подарок: Ничего не выбрано
)

------------------------

------------------------
2019.02.20 12:54:56
1550667296
incoming
Array
(
    [ltype] => Рассчитать стоимость работ
    [gift] => "Антидождь" на лобовое стекло
    [phone] => +7 (777) 777-77-77
    [time] => 0:30 - 1:00
    [utm_source] => 
    [utm_campaign] => 
    [utm_content] => undefined
    [utm_term] => undefined
    [cid] => 1462742661.1547995725
    [page] =>  /index.html 
    [other] => Какой у вас автомобиль: Не задано
Какие элементы авто нуждаются в уходе: фары
Какие услуги по вашим ожиданиям вам потребуются: Кузов: антидождь, бронирование стекол
Выберите свой подарок: "Антидождь" на лобовое стекло
)

------------------------

------------------------
2019.02.20 12:54:56
1550667296
incoming
Array
(
    [ltype] => Рассчитать стоимость работ
    [gift] => "Антидождь" на лобовое стекло
    [phone] => +7 (777) 777-77-77
    [time] => 0:30 - 1:00
    [utm_source] => 
    [utm_campaign] => 
    [utm_content] => undefined
    [utm_term] => undefined
    [cid] => 1462742661.1547995725
    [page] =>  /index.html 
    [other] => Какой у вас автомобиль: Не задано
Какие элементы авто нуждаются в уходе: фары
Какие услуги по вашим ожиданиям вам потребуются: Кузов: антидождь, бронирование стекол
Выберите свой подарок: "Антидождь" на лобовое стекло
)

------------------------

------------------------
2019.02.20 13:10:18
1550668218
incoming
Array
(
    [ltype] => Рассчитать стоимость работ
    [gift] => "Антидождь" на лобовое стекло
    [phone] => +7 (423) 423-42-34
    [utm_source] => 
    [utm_campaign] => 
    [utm_content] => undefined
    [utm_term] => undefined
    [cid] => 1462742661.1547995725
    [page] =>  /index.html 
    [other] => Какой у вас автомобиль: 31231
Какие элементы авто нуждаются в уходе: салон, колеса
Какие услуги по вашим ожиданиям вам потребуются: Кузов: антигравийная пленка, покрытие керамикой
Выберите свой подарок: "Антидождь" на лобовое стекло
)

------------------------

------------------------
2019.02.20 13:10:18
1550668218
incoming
Array
(
    [ltype] => Рассчитать стоимость работ
    [gift] => "Антидождь" на лобовое стекло
    [phone] => +7 (423) 423-42-34
    [utm_source] => 
    [utm_campaign] => 
    [utm_content] => undefined
    [utm_term] => undefined
    [cid] => 1462742661.1547995725
    [page] =>  /index.html 
    [other] => Какой у вас автомобиль: 31231
Какие элементы авто нуждаются в уходе: салон, колеса
Какие услуги по вашим ожиданиям вам потребуются: Кузов: антигравийная пленка, покрытие керамикой
Выберите свой подарок: "Антидождь" на лобовое стекло
)

------------------------

------------------------
2019.02.21 1:55:18
1550714118
incoming
Array
(
    [ltype] => Рассчитать стоимость работ
    [gift] => Полировка фар
    [phone] => +7 (999) 811-08-52
    [utm_source] => ig
    [utm_campaign] => look
    [utm_content] => 2
    [utm_term] => slide
    [cid] => 341158279.1550713718
    [page] =>  / 
    [other] => Какой у вас автомобиль: Опель астра j gtc
Какие элементы авто нуждаются в уходе: кузов, колеса
Какие услуги по вашим ожиданиям вам потребуются: Стайлинг: тонировка, антихром, эффект панорамной крыши
Выберите свой подарок: Полировка фар
)

------------------------

------------------------
2019.02.21 9:17:05
1550740625
incoming
Array
(
    [ltype] => Рассчитать стоимость работ
    [gift] => Мойка двигателя
    [phone] => +7 (931) 309-85-05
    [utm_source] => ig
    [utm_campaign] => int
    [utm_content] => 1
    [utm_term] => slide
    [cid] => 509523865.1548919854
    [page] =>  /index2.html 
    [other] => Какой у вас автомобиль: Фольксваген Тигуан
Какие элементы авто нуждаются в уходе: кузов, моторный отсек, колеса
Какие услуги по вашим ожиданиям вам потребуются: Кузов: покрытие жидким стеклом
Выберите свой подарок: Мойка двигателя
)

------------------------

------------------------
2019.02.22 12:23:59
1550838239
incoming
Array
(
    [call_id] => 3963335
    [duration] => 00:01:25
    [ga_client_id] => 252772096.1550838125
    [ot_kogo] => +74996382321
    [rec] => https://analytics.alloka.ru/record/3963335.mp3
    [status] => Отвечен
    [utm_campaign] => %UTM_CAMPAIGN%
    [utm_source] => %UTM_SOURCE%
)

------------------------

------------------------
2019.02.22 13:49:05
1550843345
incoming
Array
(
    [phone] => +7 (921) 905-22-02
    [utm_source] => ig
    [utm_campaign] => int
    [utm_content] => 2
    [utm_term] => slide
    [cid] => 1787492321.1550843273
    [page] =>  / 
    [complex] => Array
        (
            [Кузов] => Array
                (
                    [0] => восстановительная полировка
                    [1] => маскрировка сколов в цвет кузова
                    [2] => чистка и защита наружного
                  пластика
                    [3] => чистка и
                  защитахромированных деталей
                    [4] => чистка видимой части выхлопной
                  системы
                )

            [Стекла] => Array
                (
                    [0] => полировка стекла
                )

            [Салон] => Array
                (
                    [0] => химчистка салона
                )

            [Фары] => Array
                (
                    [0] => полировка фар
                )

        )

    [other] => Какой у вас автомобиль: Не задано
Какие элементы авто нуждаются в уходе: Ничего не выбрано
Какие услуги по вашим ожиданиям вам потребуются: Ничего не выбраноВыберите свой подарок: Ничего не выбрано
)

------------------------

------------------------
2019.02.22 17:43:44
1550857424
incoming
Array
(
    [ltype] => Рассчитать стоимость работ
    [gift] => Полировка фар
    [phone] => +7 (921) 894-33-43
    [utm_source] => ig
    [utm_campaign] => int
    [utm_content] => 1
    [utm_term] => slide
    [cid] => 1926184582.1550857307
    [page] =>  / 
    [other] => Какой у вас автомобиль: Хендай ix 35
Какие элементы авто нуждаются в уходе: кузов, салон, моторный отсек, стекла, колеса, фары
Какие услуги по вашим ожиданиям вам потребуются: Кузов: покрытие жидким стеклом, бронирование стекол
Выберите свой подарок: Полировка фар
)

------------------------

------------------------
2019.02.23 4:02:14
1550894534
incoming
Array
(
    [ltype] => Подобрать комплекс
    [phone] => +7 (911) 177-02-15
    [utm_source] => ig
    [utm_campaign] => lookin%2Bint
    [utm_content] => 2plen
    [utm_term] => undefined
    [cid] => 126310043.1550894421
    [page] =>  /services.html 
    [complex] => Array
        (
            [Кузов] => Array
                (
                    [0] => защита антигравийной пленкой
                )

        )

    [other] => Какой у вас автомобиль: Не задано
Какие элементы авто нуждаются в уходе: Ничего не выбрано
Какие услуги по вашим ожиданиям вам потребуются: Ничего не выбраноВыберите свой подарок: Ничего не выбрано
)

------------------------
